<?xml version="1.0" encoding="UTF-8"?>
<testng-results ignored="0" total="1" passed="1" failed="0" skipped="0">
  <reporter-output>
  </reporter-output>
  <suite started-at="2023-06-17T11:48:58 IST" name="Suite" finished-at="2023-06-17T11:49:03 IST" duration-ms="5130">
    <groups>
    </groups>
    <test started-at="2023-06-17T11:48:58 IST" name="Test" finished-at="2023-06-17T11:49:03 IST" duration-ms="5130">
      <class name="EtoE_Functionality.SwagLab">
        <test-method is-config="true" signature="prerequsities()[pri:0, instance:EtoE_Functionality.SwagLab@1e1a0406]" started-at="2023-06-17T11:48:58 IST" name="prerequsities" finished-at="2023-06-17T11:49:02 IST" duration-ms="4059" status="PASS">
          <reporter-output>
          </reporter-output>
        </test-method> <!-- prerequsities -->
        <test-method signature="addToCart()[pri:0, instance:EtoE_Functionality.SwagLab@1e1a0406]" started-at="2023-06-17T11:49:02 IST" name="addToCart" finished-at="2023-06-17T11:49:03 IST" duration-ms="833" status="PASS">
          <reporter-output>
          </reporter-output>
        </test-method> <!-- addToCart -->
        <test-method is-config="true" signature="tairDown()[pri:0, instance:EtoE_Functionality.SwagLab@1e1a0406]" started-at="2023-06-17T11:49:03 IST" name="tairDown" finished-at="2023-06-17T11:49:03 IST" duration-ms="205" status="PASS">
          <reporter-output>
          </reporter-output>
        </test-method> <!-- tairDown -->
      </class> <!-- EtoE_Functionality.SwagLab -->
    </test> <!-- Test -->
  </suite> <!-- Suite -->
</testng-results>
